0 info it worked if it ends with ok
1 verbose cli [ 'C:\\Program Files\\nodejs\\node.exe',
1 verbose cli   'C:\\Program Files\\nodejs\\node_modules\\npm\\bin\\npm-cli.js',
1 verbose cli   'install',
1 verbose cli   '--save',
1 verbose cli   'react',
1 verbose cli   'react-dom',
1 verbose cli   'redux',
1 verbose cli   'react-redux' ]
2 info using npm@3.10.3
3 info using node@v6.6.0
4 silly loadCurrentTree Starting
5 silly install loadCurrentTree
6 silly install readLocalPackageData
7 silly fetchPackageMetaData react
8 silly fetchPackageMetaData react-dom
9 silly fetchPackageMetaData redux
10 silly fetchPackageMetaData react-redux
11 silly fetchNamedPackageData react
12 silly mapToRegistry name react
13 silly mapToRegistry using default registry
14 silly mapToRegistry registry https://registry.npmjs.org/
15 silly mapToRegistry data Result {
15 silly mapToRegistry   raw: 'react',
15 silly mapToRegistry   scope: null,
15 silly mapToRegistry   escapedName: 'react',
15 silly mapToRegistry   name: 'react',
15 silly mapToRegistry   rawSpec: '',
15 silly mapToRegistry   spec: 'latest',
15 silly mapToRegistry   type: 'tag' }
16 silly mapToRegistry uri https://registry.npmjs.org/react
17 silly fetchNamedPackageData react-dom
18 silly mapToRegistry name react-dom
19 silly mapToRegistry using default registry
20 silly mapToRegistry registry https://registry.npmjs.org/
21 silly mapToRegistry data Result {
21 silly mapToRegistry   raw: 'react-dom',
21 silly mapToRegistry   scope: null,
21 silly mapToRegistry   escapedName: 'react-dom',
21 silly mapToRegistry   name: 'react-dom',
21 silly mapToRegistry   rawSpec: '',
21 silly mapToRegistry   spec: 'latest',
21 silly mapToRegistry   type: 'tag' }
22 silly mapToRegistry uri https://registry.npmjs.org/react-dom
23 silly fetchNamedPackageData redux
24 silly mapToRegistry name redux
25 silly mapToRegistry using default registry
26 silly mapToRegistry registry https://registry.npmjs.org/
27 silly mapToRegistry data Result {
27 silly mapToRegistry   raw: 'redux',
27 silly mapToRegistry   scope: null,
27 silly mapToRegistry   escapedName: 'redux',
27 silly mapToRegistry   name: 'redux',
27 silly mapToRegistry   rawSpec: '',
27 silly mapToRegistry   spec: 'latest',
27 silly mapToRegistry   type: 'tag' }
28 silly mapToRegistry uri https://registry.npmjs.org/redux
29 silly fetchNamedPackageData react-redux
30 silly mapToRegistry name react-redux
31 silly mapToRegistry using default registry
32 silly mapToRegistry registry https://registry.npmjs.org/
33 silly mapToRegistry data Result {
33 silly mapToRegistry   raw: 'react-redux',
33 silly mapToRegistry   scope: null,
33 silly mapToRegistry   escapedName: 'react-redux',
33 silly mapToRegistry   name: 'react-redux',
33 silly mapToRegistry   rawSpec: '',
33 silly mapToRegistry   spec: 'latest',
33 silly mapToRegistry   type: 'tag' }
34 silly mapToRegistry uri https://registry.npmjs.org/react-redux
35 verbose request uri https://registry.npmjs.org/redux
36 verbose request no auth needed
37 info attempt registry request try #1 at 10:23:28
38 verbose request id b1afe346fd7b6a6f
39 verbose etag W/"58ada842-24ce6"
40 verbose lastModified Wed, 22 Feb 2017 15:03:30 GMT
41 http request GET https://registry.npmjs.org/redux
42 verbose request uri https://registry.npmjs.org/react
43 verbose request no auth needed
44 info attempt registry request try #1 at 10:23:28
45 verbose etag W/"58b3fa02-23369"
46 verbose lastModified Mon, 27 Feb 2017 10:05:54 GMT
47 http request GET https://registry.npmjs.org/react
48 verbose request uri https://registry.npmjs.org/react-dom
49 verbose request no auth needed
50 info attempt registry request try #1 at 10:23:28
51 verbose etag W/"58af75c1-119f3"
52 verbose lastModified Thu, 23 Feb 2017 23:52:33 GMT
53 http request GET https://registry.npmjs.org/react-dom
54 verbose request uri https://registry.npmjs.org/react-redux
55 verbose request no auth needed
56 info attempt registry request try #1 at 10:23:28
57 verbose etag W/"58b382a0-296c9"
58 verbose lastModified Mon, 27 Feb 2017 01:36:32 GMT
59 http request GET https://registry.npmjs.org/react-redux
60 http 304 https://registry.npmjs.org/react-dom
61 verbose headers { date: 'Tue, 28 Feb 2017 01:23:26 GMT',
61 verbose headers   via: '1.1 varnish',
61 verbose headers   'cache-control': 'max-age=300',
61 verbose headers   etag: 'W/"58af75c1-119f3"',
61 verbose headers   age: '36',
61 verbose headers   connection: 'keep-alive',
61 verbose headers   'x-served-by': 'cache-itm7427-ITM',
61 verbose headers   'x-cache': 'HIT',
61 verbose headers   'x-cache-hits': '2',
61 verbose headers   'x-timer': 'S1488245006.340870,VS0,VE0',
61 verbose headers   vary: 'Accept-Encoding' }
62 silly get cb [ 304,
62 silly get   { date: 'Tue, 28 Feb 2017 01:23:26 GMT',
62 silly get     via: '1.1 varnish',
62 silly get     'cache-control': 'max-age=300',
62 silly get     etag: 'W/"58af75c1-119f3"',
62 silly get     age: '36',
62 silly get     connection: 'keep-alive',
62 silly get     'x-served-by': 'cache-itm7427-ITM',
62 silly get     'x-cache': 'HIT',
62 silly get     'x-cache-hits': '2',
62 silly get     'x-timer': 'S1488245006.340870,VS0,VE0',
62 silly get     vary: 'Accept-Encoding' } ]
63 verbose etag https://registry.npmjs.org/react-dom from cache
64 verbose get saving react-dom to C:\Users\musan\AppData\Roaming\npm-cache\registry.npmjs.org\react-dom\.cache.json
65 verbose correctMkdir C:\Users\musan\AppData\Roaming\npm-cache correctMkdir not in flight; initializing
66 http 304 https://registry.npmjs.org/redux
67 verbose headers { date: 'Tue, 28 Feb 2017 01:23:26 GMT',
67 verbose headers   via: '1.1 varnish',
67 verbose headers   'cache-control': 'max-age=300',
67 verbose headers   etag: 'W/"58ada842-24ce6"',
67 verbose headers   age: '36',
67 verbose headers   connection: 'keep-alive',
67 verbose headers   'x-served-by': 'cache-itm7425-ITM',
67 verbose headers   'x-cache': 'HIT',
67 verbose headers   'x-cache-hits': '1',
67 verbose headers   'x-timer': 'S1488245006.385129,VS0,VE0',
67 verbose headers   vary: 'Accept-Encoding' }
68 silly get cb [ 304,
68 silly get   { date: 'Tue, 28 Feb 2017 01:23:26 GMT',
68 silly get     via: '1.1 varnish',
68 silly get     'cache-control': 'max-age=300',
68 silly get     etag: 'W/"58ada842-24ce6"',
68 silly get     age: '36',
68 silly get     connection: 'keep-alive',
68 silly get     'x-served-by': 'cache-itm7425-ITM',
68 silly get     'x-cache': 'HIT',
68 silly get     'x-cache-hits': '1',
68 silly get     'x-timer': 'S1488245006.385129,VS0,VE0',
68 silly get     vary: 'Accept-Encoding' } ]
69 verbose etag https://registry.npmjs.org/redux from cache
70 verbose get saving redux to C:\Users\musan\AppData\Roaming\npm-cache\registry.npmjs.org\redux\.cache.json
71 verbose correctMkdir C:\Users\musan\AppData\Roaming\npm-cache correctMkdir not in flight; initializing
72 http 304 https://registry.npmjs.org/react-redux
73 verbose headers { date: 'Tue, 28 Feb 2017 01:23:26 GMT',
73 verbose headers   via: '1.1 varnish',
73 verbose headers   'cache-control': 'max-age=300',
73 verbose headers   etag: 'W/"58b382a0-296c9"',
73 verbose headers   age: '36',
73 verbose headers   connection: 'keep-alive',
73 verbose headers   'x-served-by': 'cache-itm7423-ITM',
73 verbose headers   'x-cache': 'HIT',
73 verbose headers   'x-cache-hits': '1',
73 verbose headers   'x-timer': 'S1488245006.384462,VS0,VE0',
73 verbose headers   vary: 'Accept-Encoding' }
74 silly get cb [ 304,
74 silly get   { date: 'Tue, 28 Feb 2017 01:23:26 GMT',
74 silly get     via: '1.1 varnish',
74 silly get     'cache-control': 'max-age=300',
74 silly get     etag: 'W/"58b382a0-296c9"',
74 silly get     age: '36',
74 silly get     connection: 'keep-alive',
74 silly get     'x-served-by': 'cache-itm7423-ITM',
74 silly get     'x-cache': 'HIT',
74 silly get     'x-cache-hits': '1',
74 silly get     'x-timer': 'S1488245006.384462,VS0,VE0',
74 silly get     vary: 'Accept-Encoding' } ]
75 verbose etag https://registry.npmjs.org/react-redux from cache
76 verbose get saving react-redux to C:\Users\musan\AppData\Roaming\npm-cache\registry.npmjs.org\react-redux\.cache.json
77 verbose correctMkdir C:\Users\musan\AppData\Roaming\npm-cache correctMkdir not in flight; initializing
78 http 304 https://registry.npmjs.org/react
79 verbose headers { date: 'Tue, 28 Feb 2017 01:23:26 GMT',
79 verbose headers   via: '1.1 varnish',
79 verbose headers   'cache-control': 'max-age=300',
79 verbose headers   etag: 'W/"58b3fa02-23369"',
79 verbose headers   age: '202',
79 verbose headers   connection: 'keep-alive',
79 verbose headers   'x-served-by': 'cache-itm7426-ITM',
79 verbose headers   'x-cache': 'HIT',
79 verbose headers   'x-cache-hits': '53',
79 verbose headers   'x-timer': 'S1488245006.385867,VS0,VE0',
79 verbose headers   vary: 'Accept-Encoding' }
80 silly get cb [ 304,
80 silly get   { date: 'Tue, 28 Feb 2017 01:23:26 GMT',
80 silly get     via: '1.1 varnish',
80 silly get     'cache-control': 'max-age=300',
80 silly get     etag: 'W/"58b3fa02-23369"',
80 silly get     age: '202',
80 silly get     connection: 'keep-alive',
80 silly get     'x-served-by': 'cache-itm7426-ITM',
80 silly get     'x-cache': 'HIT',
80 silly get     'x-cache-hits': '53',
80 silly get     'x-timer': 'S1488245006.385867,VS0,VE0',
80 silly get     vary: 'Accept-Encoding' } ]
81 verbose etag https://registry.npmjs.org/react from cache
82 verbose get saving react to C:\Users\musan\AppData\Roaming\npm-cache\registry.npmjs.org\react\.cache.json
83 verbose correctMkdir C:\Users\musan\AppData\Roaming\npm-cache correctMkdir not in flight; initializing
84 silly install normalizeTree
85 silly loadCurrentTree Finishing
86 silly loadIdealTree Starting
87 silly install loadIdealTree
88 silly cloneCurrentTree Starting
89 silly install cloneCurrentTreeToIdealTree
90 silly cloneCurrentTree Finishing
91 silly loadShrinkwrap Starting
92 silly install loadShrinkwrap
93 silly loadShrinkwrap Finishing
94 silly loadAllDepsIntoIdealTree Starting
95 silly install loadAllDepsIntoIdealTree
96 silly rollbackFailedOptional Starting
97 silly rollbackFailedOptional Finishing
98 silly runTopLevelLifecycles Starting
99 silly runTopLevelLifecycles Finishing
100 silly install printInstalled
101 verbose stack Error: Refusing to install react as a dependency of itself
101 verbose stack     at checkSelf (C:\Program Files\nodejs\node_modules\npm\lib\install\validate-args.js:53:14)
101 verbose stack     at Array.<anonymous> (C:\Program Files\nodejs\node_modules\npm\node_modules\slide\lib\bind-actor.js:15:8)
101 verbose stack     at LOOP (C:\Program Files\nodejs\node_modules\npm\node_modules\slide\lib\chain.js:15:14)
101 verbose stack     at chain (C:\Program Files\nodejs\node_modules\npm\node_modules\slide\lib\chain.js:20:5)
101 verbose stack     at C:\Program Files\nodejs\node_modules\npm\lib\install\validate-args.js:16:5
101 verbose stack     at C:\Program Files\nodejs\node_modules\npm\node_modules\slide\lib\async-map.js:52:35
101 verbose stack     at Array.forEach (native)
101 verbose stack     at C:\Program Files\nodejs\node_modules\npm\node_modules\slide\lib\async-map.js:52:11
101 verbose stack     at Array.forEach (native)
101 verbose stack     at asyncMap (C:\Program Files\nodejs\node_modules\npm\node_modules\slide\lib\async-map.js:51:8)
102 verbose cwd C:\Users\musan\Picttuer\react
103 error Windows_NT 10.0.14393
104 error argv "C:\\Program Files\\nodejs\\node.exe" "C:\\Program Files\\nodejs\\node_modules\\npm\\bin\\npm-cli.js" "install" "--save" "react" "react-dom" "redux" "react-redux"
105 error node v6.6.0
106 error npm  v3.10.3
107 error code ENOSELF
108 error Refusing to install react as a dependency of itself
109 error If you need help, you may report this error at:
109 error     <https://github.com/npm/npm/issues>
110 verbose exit [ 1, true ]
